--------------------------------------------------------------------------------
Release 14.7 Trace  (nt)
Copyright (c) 1995-2013 Xilinx, Inc.  All rights reserved.

C:\Xilinx\14.7\ISE_DS\ISE\bin\nt\unwrapped\trce.exe -intstyle ise -v 3 -s 5 -n
3 -fastpaths -xml Main.twx Main.ncd -o Main.twr Main.pcf -ucf
MapeoFactorial.ucf

Design file:              Main.ncd
Physical constraint file: Main.pcf
Device,package,speed:     xc3s500e,ft256,-5 (PRODUCTION 1.27 2013-10-13)
Report level:             verbose report

Environment Variable      Effect 
--------------------      ------ 
NONE                      No environment variables were set
--------------------------------------------------------------------------------

INFO:Timing:2698 - No timing constraints found, doing default enumeration.
INFO:Timing:3412 - To improve timing, see the Timing Closure User Guide (UG612).
INFO:Timing:2752 - To get complete path coverage, use the unconstrained paths 
   option. All paths that are not constrained will be reported in the 
   unconstrained paths section(s) of the report.
INFO:Timing:3339 - The clock-to-out numbers in this timing report are based on 
   a 50 Ohm transmission line loading model.  For the details of this model, 
   and for more information on accounting for different loading conditions, 
   please see the device datasheet.
INFO:Timing:3390 - This architecture does not support a default System Jitter 
   value, please add SYSTEM_JITTER constraint to the UCF to modify the Clock 
   Uncertainty calculation.
INFO:Timing:3389 - This architecture does not support 'Discrete Jitter' and 
   'Phase Error' calculations, these terms will be zero in the Clock 
   Uncertainty calculation.  Please make appropriate modification to 
   SYSTEM_JITTER to account for the unsupported Discrete Jitter and Phase 
   Error.



Data Sheet report:
-----------------
All values displayed in nanoseconds (ns)

Setup/Hold to clock clk
------------+------------+------------+------------------+--------+
            |Max Setup to|Max Hold to |                  | Clock  |
Source      | clk (edge) | clk (edge) |Internal Clock(s) | Phase  |
------------+------------+------------+------------------+--------+
number<0>   |    6.702(R)|   -1.104(R)|clk_BUFGP         |   0.000|
number<1>   |    6.168(R)|   -0.972(R)|clk_BUFGP         |   0.000|
number<2>   |    5.816(R)|   -0.767(R)|clk_BUFGP         |   0.000|
number<3>   |    5.082(R)|   -0.660(R)|clk_BUFGP         |   0.000|
number<4>   |    5.632(R)|   -0.386(R)|clk_BUFGP         |   0.000|
number<5>   |    6.276(R)|   -0.581(R)|clk_BUFGP         |   0.000|
number<6>   |    6.071(R)|   -0.957(R)|clk_BUFGP         |   0.000|
number<7>   |    5.277(R)|   -0.555(R)|clk_BUFGP         |   0.000|
------------+------------+------------+------------------+--------+

Clock clk to Pad
------------+------------+------------------+--------+
            | clk (edge) |                  | Clock  |
Destination |   to PAD   |Internal Clock(s) | Phase  |
------------+------------+------------------+--------+
fact<0>     |    7.467(R)|clk_BUFGP         |   0.000|
fact<1>     |    7.307(R)|clk_BUFGP         |   0.000|
fact<2>     |    7.307(R)|clk_BUFGP         |   0.000|
fact<3>     |    7.501(R)|clk_BUFGP         |   0.000|
fact<4>     |    7.523(R)|clk_BUFGP         |   0.000|
fact<5>     |    7.340(R)|clk_BUFGP         |   0.000|
fact<6>     |    7.354(R)|clk_BUFGP         |   0.000|
fact<7>     |    7.429(R)|clk_BUFGP         |   0.000|
------------+------------+------------------+--------+

Clock to Setup on destination clock clk
---------------+---------+---------+---------+---------+
               | Src:Rise| Src:Fall| Src:Rise| Src:Fall|
Source Clock   |Dest:Rise|Dest:Rise|Dest:Fall|Dest:Fall|
---------------+---------+---------+---------+---------+
clk            |    7.418|         |         |         |
---------------+---------+---------+---------+---------+


Analysis completed Mon May 30 19:06:54 2016 
--------------------------------------------------------------------------------

Trace Settings:
-------------------------
Trace Settings 

Peak Memory Usage: 118 MB



