
****** PlanAhead v14.7
  **** Build 321239 by xbuild on Fri Sep 27 19:31:35 MDT 2013
    ** Copyright 1986-1999, 2001-2013 Xilinx, Inc. All Rights Reserved.

INFO: [Common 17-78] Attempting to get a license: PlanAhead
INFO: [Common 17-290] Got license for PlanAhead
INFO: [Device 21-36] Loading parts and site information from C:/Xilinx/14.7/ISE_DS/PlanAhead/data/parts/arch.xml
Parsing RTL primitives file [C:/Xilinx/14.7/ISE_DS/PlanAhead/data/parts/xilinx/rtl/prims/rtl_prims.xml]
Finished parsing RTL primitives file [C:/Xilinx/14.7/ISE_DS/PlanAhead/data/parts/xilinx/rtl/prims/rtl_prims.xml]
start_gui
source C:/Users/Raim/Documents/Laboratorio/Factorial/pa.fromNetlist.tcl
# create_project -name Factorial -dir "C:/Users/Raim/Documents/Laboratorio/Factorial/planAhead_run_1" -part xc3s500eft256-5
# set_property design_mode GateLvl [get_property srcset [current_run -impl]]
# set_property edif_top_file "C:/Users/Raim/Documents/Laboratorio/Factorial/Main.ngc" [ get_property srcset [ current_run ] ]
# add_files -norecurse { {C:/Users/Raim/Documents/Laboratorio/Factorial} }
# set_property target_constrs_file "MapeoFactorial.ucf" [current_fileset -constrset]
Adding file 'C:/Users/Raim/Documents/Laboratorio/Factorial/MapeoFactorial.ucf' to fileset 'constrs_1'
# add_files [list {MapeoFactorial.ucf}] -fileset [get_property constrset [current_run]]
# link_design
Design is defaulting to srcset: sources_1
Design is defaulting to constrset: constrs_1
Design is defaulting to project part: xc3s500eft256-5
Release 14.7 - ngc2edif P.20131013 (nt)
Copyright (c) 1995-2013 Xilinx, Inc.  All rights reserved.

Release 14.7 - ngc2edif P.20131013 (nt)
Copyright (c) 1995-2013 Xilinx, Inc.  All rights reserved.
Reading design Main.ngc ...
WARNING:NetListWriters:298 - No output is written to Main.xncf, ignored.
Processing design ...
   Preping design's networks ...
   Preping design's macros ...
  finished :Prep
Writing EDIF netlist file Main.edif ...
ngc2edif: Total memory usage is 58928 kilobytes

Parsing EDIF File [./planAhead_run_1/Factorial.data/cache/Main_ngc_zx.edif]
Finished Parsing EDIF File [./planAhead_run_1/Factorial.data/cache/Main_ngc_zx.edif]
INFO: [Designutils 20-910] Reading macro library C:/Xilinx/14.7/ISE_DS/PlanAhead/data\./parts/xilinx/spartan3e/spartan3e/hd_int_macros.edn
Parsing EDIF File [C:/Xilinx/14.7/ISE_DS/PlanAhead/data\./parts/xilinx/spartan3e/spartan3e/hd_int_macros.edn]
Finished Parsing EDIF File [C:/Xilinx/14.7/ISE_DS/PlanAhead/data\./parts/xilinx/spartan3e/spartan3e/hd_int_macros.edn]
Loading clock regions from C:/Xilinx/14.7/ISE_DS/PlanAhead/data\parts/xilinx/spartan3e/spartan3e/xc3s500e/ClockRegion.xml
Loading clock buffers from C:/Xilinx/14.7/ISE_DS/PlanAhead/data\parts/xilinx/spartan3e/spartan3e/xc3s500e/ClockBuffers.xml
Loading package from C:/Xilinx/14.7/ISE_DS/PlanAhead/data\parts/xilinx/spartan3e/spartan3e/xc3s500e/ft256/Package.xml
Loading io standards from C:/Xilinx/14.7/ISE_DS/PlanAhead/data\./parts/xilinx/spartan3e/IOStandards.xml
INFO: [Device 21-19] Loading pkg sso from C:/Xilinx/14.7/ISE_DS/PlanAhead/data\parts/xilinx/spartan3e/spartan3e/xc3s500e/ft256/SSORules.xml
Loading list of drcs for the architecture : C:/Xilinx/14.7/ISE_DS/PlanAhead/data\./parts/xilinx/spartan3e/spartan3e/drc.xml
INFO: [Timing 38-77] Reading timing library C:/Xilinx/14.7/ISE_DS/PlanAhead/data\parts/xilinx/spartan3e/spartan3e/spartan3e-5.lib.
INFO: [Timing 38-34] Done reading timing library C:/Xilinx/14.7/ISE_DS/PlanAhead/data\parts/xilinx/spartan3e/spartan3e/spartan3e-5.lib.
Parsing UCF File [C:/Users/Raim/Documents/Laboratorio/Factorial/MapeoFactorial.ucf]
CRITICAL WARNING: [Constraints 18-11] Could not find net or pin 'SW0' [C:/Users/Raim/Documents/Laboratorio/Factorial/MapeoFactorial.ucf:2]
CRITICAL WARNING: [Constraints 18-11] Could not find net or pin 'SW0' [C:/Users/Raim/Documents/Laboratorio/Factorial/MapeoFactorial.ucf:2]
CRITICAL WARNING: [Constraints 18-11] Could not find net or pin 'SW1' [C:/Users/Raim/Documents/Laboratorio/Factorial/MapeoFactorial.ucf:3]
CRITICAL WARNING: [Constraints 18-11] Could not find net or pin 'SW1' [C:/Users/Raim/Documents/Laboratorio/Factorial/MapeoFactorial.ucf:3]
CRITICAL WARNING: [Constraints 18-11] Could not find net or pin 'SW2' [C:/Users/Raim/Documents/Laboratorio/Factorial/MapeoFactorial.ucf:4]
CRITICAL WARNING: [Constraints 18-11] Could not find net or pin 'SW2' [C:/Users/Raim/Documents/Laboratorio/Factorial/MapeoFactorial.ucf:4]
CRITICAL WARNING: [Constraints 18-11] Could not find net or pin 'SW3' [C:/Users/Raim/Documents/Laboratorio/Factorial/MapeoFactorial.ucf:5]
CRITICAL WARNING: [Constraints 18-11] Could not find net or pin 'SW3' [C:/Users/Raim/Documents/Laboratorio/Factorial/MapeoFactorial.ucf:5]
CRITICAL WARNING: [Constraints 18-11] Could not find net or pin 'SW4' [C:/Users/Raim/Documents/Laboratorio/Factorial/MapeoFactorial.ucf:6]
CRITICAL WARNING: [Constraints 18-11] Could not find net or pin 'SW4' [C:/Users/Raim/Documents/Laboratorio/Factorial/MapeoFactorial.ucf:6]
CRITICAL WARNING: [Constraints 18-11] Could not find net or pin 'SW5' [C:/Users/Raim/Documents/Laboratorio/Factorial/MapeoFactorial.ucf:7]
CRITICAL WARNING: [Constraints 18-11] Could not find net or pin 'SW5' [C:/Users/Raim/Documents/Laboratorio/Factorial/MapeoFactorial.ucf:7]
CRITICAL WARNING: [Constraints 18-11] Could not find net or pin 'SW6' [C:/Users/Raim/Documents/Laboratorio/Factorial/MapeoFactorial.ucf:8]
CRITICAL WARNING: [Constraints 18-11] Could not find net or pin 'SW6' [C:/Users/Raim/Documents/Laboratorio/Factorial/MapeoFactorial.ucf:8]
CRITICAL WARNING: [Constraints 18-11] Could not find net or pin 'SW7' [C:/Users/Raim/Documents/Laboratorio/Factorial/MapeoFactorial.ucf:9]
CRITICAL WARNING: [Constraints 18-11] Could not find net or pin 'SW7' [C:/Users/Raim/Documents/Laboratorio/Factorial/MapeoFactorial.ucf:9]
Finished Parsing UCF File [C:/Users/Raim/Documents/Laboratorio/Factorial/MapeoFactorial.ucf]
INFO: [Designutils 20-20] Invalid constraints found, use command 'write_ucf -constraints invalid <file>' to save all the invalid constraints to a file
INFO: [Project 1-111] Unisim Transformation Summary:
No Unisim elements were transformed.

Phase 0 | Netlist Checksum: c04231c2
link_design: Time (s): elapsed = 00:00:12 . Memory (MB): peak = 482.293 ; gain = 49.484
exit
ERROR: [Common 17-39] 'stop_gui' failed due to earlier errors.
INFO: [Common 17-206] Exiting PlanAhead at Mon May 30 16:33:06 2016...
INFO: [Common 17-83] Releasing license: PlanAhead
